# JRE version: OpenJDK Runtime Environment Temurin-21.0.8+9 (21.0.8+9) (build 21.0.8+9-LTS)
# Java VM: OpenJDK 64-Bit Server VM Temurin-21.0.8+9 (21.0.8+9-LTS, mixed mode, sharing, tiered, compressed oops, compressed class ptrs, parallel gc, windows-amd64)
GC Precious Log:
 CardTable entry size: 512
 CPUs: 4 total, 4 available
 Memory: 1926M
 Large Page Support: Disabled
 NUMA Support: Disabled
 Compressed Oops: Enabled (32-bit)
 Alignments: Space 512K, Generation 512K, Heap 2M
 Heap Min Capacity: 100M
 Heap Initial Capacity: 100M
 Heap Max Capacity: 2G
 Pre-touch: Disabled
 Parallel Workers: 4
Heap:
 PSYoungGen      total 2560K, used 1475K [0x00000000d5580000, 0x00000000d5980000, 0x0000000100000000)
  eden space 2048K, 51% used [0x00000000d5580000,0x00000000d5688ed0,0x00000000d5780000)
  from space 512K, 81% used [0x00000000d5900000,0x00000000d5968000,0x00000000d5980000)
  to   space 1024K, 0% used [0x00000000d5780000,0x00000000d5780000,0x00000000d5880000)
 ParOldGen       total 438272K, used 438020K [0x0000000080000000, 0x000000009ac00000, 0x00000000d5580000)
  object space 438272K, 99% used [0x0000000080000000,0x000000009abc13d0,0x000000009ac00000)
 Metaspace       used 26547K, committed 27648K, reserved 1114112K
  class space    used 2330K, committed 2816K, reserved 1048576K
GC Heap History (20 events):
Event: 132.877 GC heap before
{Heap before GC invocations=406 (full 1):
 PSYoungGen      total 3584K, used 3392K [0x00000000d5580000, 0x00000000d5a80000, 0x0000000100000000)
  eden space 2048K, 100% used [0x00000000d5580000,0x00000000d5780000,0x00000000d5780000)
  from space 1536K, 87% used [0x00000000d5900000,0x00000000d5a50010,0x00000000d5a80000)
  to   space 1536K, 0% used [0x00000000d5780000,0x00000000d5780000,0x00000000d5900000)
 ParOldGen       total 434688K, used 434529K [0x0000000080000000, 0x000000009a880000, 0x00000000d5580000)
  object space 434688K, 99% used [0x0000000080000000,0x000000009a858488,0x000000009a880000)
 Metaspace       used 24902K, committed 25920K, reserved 1114112K
  class space    used 2190K, committed 2624K, reserved 1048576K
}
Event: 132.880 GC heap after
{Heap after GC invocations=406 (full 1):
 PSYoungGen      total 3584K, used 850K [0x00000000d5580000, 0x00000000d5a80000, 0x0000000100000000)
  eden space 2048K, 0% used [0x00000000d5580000,0x00000000d5580000,0x00000000d5780000)
  from space 1536K, 55% used [0x00000000d5780000,0x00000000d5854808,0x00000000d5900000)
  to   space 1536K, 0% used [0x00000000d5900000,0x00000000d5900000,0x00000000d5a80000)
 ParOldGen       total 435712K, used 435432K [0x0000000080000000, 0x000000009a980000, 0x00000000d5580000)
  object space 435712K, 99% used [0x0000000080000000,0x000000009a93a2c0,0x000000009a980000)
 Metaspace       used 24902K, committed 25920K, reserved 1114112K
  class space    used 2190K, committed 2624K, reserved 1048576K
}
Event: 133.424 GC heap before
{Heap before GC invocations=407 (full 1):
 PSYoungGen      total 3584K, used 2897K [0x00000000d5580000, 0x00000000d5a80000, 0x0000000100000000)
  eden space 2048K, 99% used [0x00000000d5580000,0x00000000d577ff80,0x00000000d5780000)
  from space 1536K, 55% used [0x00000000d5780000,0x00000000d5854808,0x00000000d5900000)
  to   space 1536K, 0% used [0x00000000d5900000,0x00000000d5900000,0x00000000d5a80000)
 ParOldGen       total 435712K, used 435432K [0x0000000080000000, 0x000000009a980000, 0x00000000d5580000)
  object space 435712K, 99% used [0x0000000080000000,0x000000009a93a2c0,0x000000009a980000)
 Metaspace       used 24972K, committed 26048K, reserved 1114112K
  class space    used 2203K, committed 2688K, reserved 1048576K
}
Event: 133.433 GC heap after
{Heap after GC invocations=407 (full 1):
 PSYoungGen      total 2560K, used 416K [0x00000000d5580000, 0x00000000d5980000, 0x0000000100000000)
  eden space 2048K, 0% used [0x00000000d5580000,0x00000000d5580000,0x00000000d5780000)
  from space 512K, 81% used [0x00000000d5900000,0x00000000d5968000,0x00000000d5980000)
  to   space 1024K, 0% used [0x00000000d5780000,0x00000000d5780000,0x00000000d5880000)
 ParOldGen       total 436224K, used 435994K [0x0000000080000000, 0x000000009aa00000, 0x00000000d5580000)
  object space 436224K, 99% used [0x0000000080000000,0x000000009a9c6868,0x000000009aa00000)
 Metaspace       used 24972K, committed 26048K, reserved 1114112K
  class space    used 2203K, committed 2688K, reserved 1048576K
}
Event: 133.632 GC heap before
{Heap before GC invocations=408 (full 1):
 PSYoungGen      total 2560K, used 2460K [0x00000000d5580000, 0x00000000d5980000, 0x0000000100000000)
  eden space 2048K, 99% used [0x00000000d5580000,0x00000000d577f228,0x00000000d5780000)
  from space 512K, 81% used [0x00000000d5900000,0x00000000d5968000,0x00000000d5980000)
  to   space 1024K, 0% used [0x00000000d5780000,0x00000000d5780000,0x00000000d5880000)
 ParOldGen       total 436224K, used 435994K [0x0000000080000000, 0x000000009aa00000, 0x00000000d5580000)
  object space 436224K, 99% used [0x0000000080000000,0x000000009a9c6868,0x000000009aa00000)
 Metaspace       used 25285K, committed 26304K, reserved 1114112K
  class space    used 2225K, committed 2688K, reserved 1048576K
}
Event: 133.634 GC heap after
{Heap after GC invocations=408 (full 1):
 PSYoungGen      total 3072K, used 192K [0x00000000d5580000, 0x00000000d5980000, 0x0000000100000000)
  eden space 2048K, 0% used [0x00000000d5580000,0x00000000d5580000,0x00000000d5780000)
  from space 1024K, 18% used [0x00000000d5780000,0x00000000d57b0000,0x00000000d5880000)
  to   space 512K, 0% used [0x00000000d5900000,0x00000000d5900000,0x00000000d5980000)
 ParOldGen       total 436736K, used 436329K [0x0000000080000000, 0x000000009aa80000, 0x00000000d5580000)
  object space 436736K, 99% used [0x0000000080000000,0x000000009aa1a750,0x000000009aa80000)
 Metaspace       used 25285K, committed 26304K, reserved 1114112K
  class space    used 2225K, committed 2688K, reserved 1048576K
}
Event: 133.732 GC heap before
{Heap before GC invocations=409 (full 1):
 PSYoungGen      total 3072K, used 2137K [0x00000000d5580000, 0x00000000d5980000, 0x0000000100000000)
  eden space 2048K, 95% used [0x00000000d5580000,0x00000000d5766698,0x00000000d5780000)
  from space 1024K, 18% used [0x00000000d5780000,0x00000000d57b0000,0x00000000d5880000)
  to   space 512K, 0% used [0x00000000d5900000,0x00000000d5900000,0x00000000d5980000)
 ParOldGen       total 436736K, used 436329K [0x0000000080000000, 0x000000009aa80000, 0x00000000d5580000)
  object space 436736K, 99% used [0x0000000080000000,0x000000009aa1a750,0x000000009aa80000)
 Metaspace       used 25537K, committed 26624K, reserved 1114112K
  class space    used 2256K, committed 2752K, reserved 1048576K
}
Event: 133.737 GC heap after
{Heap after GC invocations=409 (full 1):
 PSYoungGen      total 2560K, used 343K [0x00000000d5580000, 0x00000000d5980000, 0x0000000100000000)
  eden space 2048K, 0% used [0x00000000d5580000,0x00000000d5580000,0x00000000d5780000)
  from space 512K, 67% used [0x00000000d5900000,0x00000000d5955de0,0x00000000d5980000)
  to   space 512K, 0% used [0x00000000d5880000,0x00000000d5880000,0x00000000d5900000)
 ParOldGen       total 436736K, used 436369K [0x0000000080000000, 0x000000009aa80000, 0x00000000d5580000)
  object space 436736K, 99% used [0x0000000080000000,0x000000009aa24750,0x000000009aa80000)
 Metaspace       used 25537K, committed 26624K, reserved 1114112K
  class space    used 2256K, committed 2752K, reserved 1048576K
}
Event: 133.894 GC heap before
{Heap before GC invocations=410 (full 1):
 PSYoungGen      total 2560K, used 2381K [0x00000000d5580000, 0x00000000d5980000, 0x0000000100000000)
  eden space 2048K, 99% used [0x00000000d5580000,0x00000000d577d948,0x00000000d5780000)
  from space 512K, 67% used [0x00000000d5900000,0x00000000d5955de0,0x00000000d5980000)
  to   space 512K, 0% used [0x00000000d5880000,0x00000000d5880000,0x00000000d5900000)
 ParOldGen       total 436736K, used 436369K [0x0000000080000000, 0x000000009aa80000, 0x00000000d5580000)
  object space 436736K, 99% used [0x0000000080000000,0x000000009aa24750,0x000000009aa80000)
 Metaspace       used 25885K, committed 26944K, reserved 1114112K
  class space    used 2275K, committed 2752K, reserved 1048576K
}
Event: 133.897 GC heap after
{Heap after GC invocations=410 (full 1):
 PSYoungGen      total 2560K, used 128K [0x00000000d5580000, 0x00000000d5980000, 0x0000000100000000)
  eden space 2048K, 0% used [0x00000000d5580000,0x00000000d5580000,0x00000000d5780000)
  from space 512K, 25% used [0x00000000d5880000,0x00000000d58a0020,0x00000000d5900000)
  to   space 512K, 0% used [0x00000000d5900000,0x00000000d5900000,0x00000000d5980000)
 ParOldGen       total 436736K, used 436436K [0x0000000080000000, 0x000000009aa80000, 0x00000000d5580000)
  object space 436736K, 99% used [0x0000000080000000,0x000000009aa35260,0x000000009aa80000)
 Metaspace       used 25885K, committed 26944K, reserved 1114112K
  class space    used 2275K, committed 2752K, reserved 1048576K
}
Event: 134.199 GC heap before
{Heap before GC invocations=411 (full 1):
 PSYoungGen      total 2560K, used 2176K [0x00000000d5580000, 0x00000000d5980000, 0x0000000100000000)
  eden space 2048K, 100% used [0x00000000d5580000,0x00000000d5780000,0x00000000d5780000)
  from space 512K, 25% used [0x00000000d5880000,0x00000000d58a0020,0x00000000d5900000)
  to   space 512K, 0% used [0x00000000d5900000,0x00000000d5900000,0x00000000d5980000)
 ParOldGen       total 436736K, used 436436K [0x0000000080000000, 0x000000009aa80000, 0x00000000d5580000)
  object space 436736K, 99% used [0x0000000080000000,0x000000009aa35260,0x000000009aa80000)
 Metaspace       used 26185K, committed 27328K, reserved 1114112K
  class space    used 2290K, committed 2816K, reserved 1048576K
}
Event: 134.202 GC heap after
{Heap after GC invocations=411 (full 1):
 PSYoungGen      total 2560K, used 192K [0x00000000d5580000, 0x00000000d5980000, 0x0000000100000000)
  eden space 2048K, 0% used [0x00000000d5580000,0x00000000d5580000,0x00000000d5780000)
  from space 512K, 37% used [0x00000000d5900000,0x00000000d5930020,0x00000000d5980000)
  to   space 512K, 0% used [0x00000000d5880000,0x00000000d5880000,0x00000000d5900000)
 ParOldGen       total 436736K, used 436516K [0x0000000080000000, 0x000000009aa80000, 0x00000000d5580000)
  object space 436736K, 99% used [0x0000000080000000,0x000000009aa49280,0x000000009aa80000)
 Metaspace       used 26185K, committed 27328K, reserved 1114112K
  class space    used 2290K, committed 2816K, reserved 1048576K
}
Event: 134.319 GC heap before
{Heap before GC invocations=412 (full 1):
 PSYoungGen      total 2560K, used 2213K [0x00000000d5580000, 0x00000000d5980000, 0x0000000100000000)
  eden space 2048K, 98% used [0x00000000d5580000,0x00000000d57797a0,0x00000000d5780000)
  from space 512K, 37% used [0x00000000d5900000,0x00000000d5930020,0x00000000d5980000)
  to   space 512K, 0% used [0x00000000d5880000,0x00000000d5880000,0x00000000d5900000)
 ParOldGen       total 436736K, used 436516K [0x0000000080000000, 0x000000009aa80000, 0x00000000d5580000)
  object space 436736K, 99% used [0x0000000080000000,0x000000009aa49280,0x000000009aa80000)
 Metaspace       used 26377K, committed 27520K, reserved 1114112K
  class space    used 2305K, committed 2816K, reserved 1048576K
}
Event: 134.322 GC heap after
{Heap after GC invocations=412 (full 1):
 PSYoungGen      total 2560K, used 495K [0x00000000d5580000, 0x00000000d5980000, 0x0000000100000000)
  eden space 2048K, 0% used [0x00000000d5580000,0x00000000d5580000,0x00000000d5780000)
  from space 512K, 96% used [0x00000000d5880000,0x00000000d58fbd80,0x00000000d5900000)
  to   space 512K, 0% used [0x00000000d5900000,0x00000000d5900000,0x00000000d5980000)
 ParOldGen       total 436736K, used 436692K [0x0000000080000000, 0x000000009aa80000, 0x00000000d5580000)
  object space 436736K, 99% used [0x0000000080000000,0x000000009aa75240,0x000000009aa80000)
 Metaspace       used 26377K, committed 27520K, reserved 1114112K
  class space    used 2305K, committed 2816K, reserved 1048576K
}
Event: 134.434 GC heap before
{Heap before GC invocations=413 (full 1):
 PSYoungGen      total 2560K, used 2543K [0x00000000d5580000, 0x00000000d5980000, 0x0000000100000000)
  eden space 2048K, 100% used [0x00000000d5580000,0x00000000d5780000,0x00000000d5780000)
  from space 512K, 96% used [0x00000000d5880000,0x00000000d58fbd80,0x00000000d5900000)
  to   space 512K, 0% used [0x00000000d5900000,0x00000000d5900000,0x00000000d5980000)
 ParOldGen       total 436736K, used 436692K [0x0000000080000000, 0x000000009aa80000, 0x00000000d5580000)
  object space 436736K, 99% used [0x0000000080000000,0x000000009aa75240,0x000000009aa80000)
 Metaspace       used 26466K, committed 27584K, reserved 1114112K
  class space    used 2322K, committed 2816K, reserved 1048576K
}
Event: 134.438 GC heap after
{Heap after GC invocations=413 (full 1):
 PSYoungGen      total 2560K, used 288K [0x00000000d5580000, 0x00000000d5980000, 0x0000000100000000)
  eden space 2048K, 0% used [0x00000000d5580000,0x00000000d5580000,0x00000000d5780000)
  from space 512K, 56% used [0x00000000d5900000,0x00000000d5948020,0x00000000d5980000)
  to   space 512K, 0% used [0x00000000d5880000,0x00000000d5880000,0x00000000d5900000)
 ParOldGen       total 437248K, used 437109K [0x0000000080000000, 0x000000009ab00000, 0x00000000d5580000)
  object space 437248K, 99% used [0x0000000080000000,0x000000009aadd4c0,0x000000009ab00000)
 Metaspace       used 26466K, committed 27584K, reserved 1114112K
  class space    used 2322K, committed 2816K, reserved 1048576K
}
Event: 134.589 GC heap before
{Heap before GC invocations=414 (full 1):
 PSYoungGen      total 2560K, used 2336K [0x00000000d5580000, 0x00000000d5980000, 0x0000000100000000)
  eden space 2048K, 100% used [0x00000000d5580000,0x00000000d5780000,0x00000000d5780000)
  from space 512K, 56% used [0x00000000d5900000,0x00000000d5948020,0x00000000d5980000)
  to   space 512K, 0% used [0x00000000d5880000,0x00000000d5880000,0x00000000d5900000)
 ParOldGen       total 437248K, used 437109K [0x0000000080000000, 0x000000009ab00000, 0x00000000d5580000)
  object space 437248K, 99% used [0x0000000080000000,0x000000009aadd4c0,0x000000009ab00000)
 Metaspace       used 26503K, committed 27584K, reserved 1114112K
  class space    used 2325K, committed 2816K, reserved 1048576K
}
Event: 134.592 GC heap after
{Heap after GC invocations=414 (full 1):
 PSYoungGen      total 2560K, used 512K [0x00000000d5580000, 0x00000000d5a80000, 0x0000000100000000)
  eden space 2048K, 0% used [0x00000000d5580000,0x00000000d5580000,0x00000000d5780000)
  from space 512K, 100% used [0x00000000d5880000,0x00000000d5900000,0x00000000d5900000)
  to   space 1536K, 0% used [0x00000000d5900000,0x00000000d5900000,0x00000000d5a80000)
 ParOldGen       total 437760K, used 437516K [0x0000000080000000, 0x000000009ab80000, 0x00000000d5580000)
  object space 437760K, 99% used [0x0000000080000000,0x000000009ab433d0,0x000000009ab80000)
 Metaspace       used 26503K, committed 27584K, reserved 1114112K
  class space    used 2325K, committed 2816K, reserved 1048576K
}
Event: 134.706 GC heap before
{Heap before GC invocations=415 (full 1):
 PSYoungGen      total 2560K, used 2560K [0x00000000d5580000, 0x00000000d5a80000, 0x0000000100000000)
  eden space 2048K, 100% used [0x00000000d5580000,0x00000000d5780000,0x00000000d5780000)
  from space 512K, 100% used [0x00000000d5880000,0x00000000d5900000,0x00000000d5900000)
  to   space 1536K, 0% used [0x00000000d5900000,0x00000000d5900000,0x00000000d5a80000)
 ParOldGen       total 437760K, used 437516K [0x0000000080000000, 0x000000009ab80000, 0x00000000d5580000)
  object space 437760K, 99% used [0x0000000080000000,0x000000009ab433d0,0x000000009ab80000)
 Metaspace       used 26543K, committed 27648K, reserved 1114112K
  class space    used 2330K, committed 2816K, reserved 1048576K
}
Event: 134.712 GC heap after
{Heap after GC invocations=415 (full 1):
 PSYoungGen      total 2560K, used 416K [0x00000000d5580000, 0x00000000d5980000, 0x0000000100000000)
  eden space 2048K, 0% used [0x00000000d5580000,0x00000000d5580000,0x00000000d5780000)
  from space 512K, 81% used [0x00000000d5900000,0x00000000d5968000,0x00000000d5980000)
  to   space 1024K, 0% used [0x00000000d5780000,0x00000000d5780000,0x00000000d5880000)
 ParOldGen       total 438272K, used 438020K [0x0000000080000000, 0x000000009ac00000, 0x00000000d5580000)
  object space 438272K, 99% used [0x0000000080000000,0x000000009abc13d0,0x000000009ac00000)
 Metaspace       used 26543K, committed 27648K, reserved 1114112K
  class space    used 2330K, committed 2816K, reserved 1048576K
}

